0 info it worked if it ends with ok
1 verbose cli [ 'C:\\Program Files\\nodejs\\node.exe',
1 verbose cli   'C:\\Program Files\\nodejs\\node_modules\\npm\\bin\\npm-cli.js',
1 verbose cli   'start' ]
2 info using npm@3.3.12
3 info using node@v5.1.0
4 verbose run-script [ 'prestart', 'start', 'poststart' ]
5 info lifecycle Books@1.0.0~prestart: Books@1.0.0
6 silly lifecycle Books@1.0.0~prestart: no script for prestart, continuing
7 info lifecycle Books@1.0.0~start: Books@1.0.0
8 verbose lifecycle Books@1.0.0~start: unsafe-perm in lifecycle true
9 verbose lifecycle Books@1.0.0~start: PATH: C:\Program Files\nodejs\node_modules\npm\bin\node-gyp-bin;D:\Temp\Bitch\node_modules\.bin;C:\Windows\system32;C:\Windows;C:\Windows\System32\Wbem;C:\Windows\System32\WindowsPowerShell\v1.0\;C:\Program Files (x86)\ATI Technologies\ATI.ACE\Core-Static;C:\Program Files (x86)\Skype\Phone\;C:\Program Files\nodejs\;C:\Program Files (x86)\GitExtensions\;C:\Users\natal\AppData\Roaming\npm;C:\Users\natal\AppData\Local\Programs\Git\cmd;C:\Program Files (x86)\Android\android-sdk\tools;C:\Program Files (x86)\Android\android-sdk\platform-tools
10 verbose lifecycle Books@1.0.0~start: CWD: D:\Temp\Bitch
11 silly lifecycle Books@1.0.0~start: Args: [ '/d /s /c', 'node server.js' ]
12 silly lifecycle Books@1.0.0~start: Returned: code: 1  signal: null
13 info lifecycle Books@1.0.0~start: Failed to exec start script
14 verbose stack Error: Books@1.0.0 start: `node server.js`
14 verbose stack Exit status 1
14 verbose stack     at EventEmitter.<anonymous> (C:\Program Files\nodejs\node_modules\npm\lib\utils\lifecycle.js:232:16)
14 verbose stack     at emitTwo (events.js:87:13)
14 verbose stack     at EventEmitter.emit (events.js:172:7)
14 verbose stack     at ChildProcess.<anonymous> (C:\Program Files\nodejs\node_modules\npm\lib\utils\spawn.js:24:14)
14 verbose stack     at emitTwo (events.js:87:13)
14 verbose stack     at ChildProcess.emit (events.js:172:7)
14 verbose stack     at maybeClose (internal/child_process.js:818:16)
14 verbose stack     at Process.ChildProcess._handle.onexit (internal/child_process.js:211:5)
15 verbose pkgid Books@1.0.0
16 verbose cwd D:\Temp\Bitch
17 error Windows_NT 10.0.10240
18 error argv "C:\\Program Files\\nodejs\\node.exe" "C:\\Program Files\\nodejs\\node_modules\\npm\\bin\\npm-cli.js" "start"
19 error node v5.1.0
20 error npm  v3.3.12
21 error code ELIFECYCLE
22 error Books@1.0.0 start: `node server.js`
22 error Exit status 1
23 error Failed at the Books@1.0.0 start script 'node server.js'.
23 error Make sure you have the latest version of node.js and npm installed.
23 error If you do, this is most likely a problem with the Books package,
23 error not with npm itself.
23 error Tell the author that this fails on your system:
23 error     node server.js
23 error You can get their info via:
23 error     npm owner ls Books
23 error There is likely additional logging output above.
24 verbose exit [ 1, true ]
